[debug] [2021-04-05T16:17:36.381Z] ----------------------------------------------------------------------
[debug] [2021-04-05T16:17:36.387Z] Command:       C:\Program Files\nodejs\node.exe C:\Users\user\AppData\Roaming\npm\node_modules\firebase-tools\lib\bin\firebase.js deploy
[debug] [2021-04-05T16:17:36.388Z] CLI Version:   9.8.0
[debug] [2021-04-05T16:17:36.388Z] Platform:      win32
[debug] [2021-04-05T16:17:36.389Z] Node Version:  v14.16.0
[debug] [2021-04-05T16:17:36.401Z] Time:          Mon Apr 05 2021 22:17:36 GMT+0600 (Bangladesh Standard Time)
[debug] [2021-04-05T16:17:36.401Z] ----------------------------------------------------------------------
[debug] 
[debug] [2021-04-05T16:17:36.430Z] > command requires scopes: ["email","openid","https://www.googleapis.com/auth/cloudplatformprojects.readonly","https://www.googleapis.com/auth/firebase","https://www.googleapis.com/auth/cloud-platform"]
[debug] [2021-04-05T16:17:36.431Z] > authorizing via signed-in user
[debug] [2021-04-05T16:17:36.431Z] [iam] checking project daily-shop-37a6f for permissions ["firebase.projects.get","firebasehosting.sites.update"]
[debug] [2021-04-05T16:17:36.436Z] > refreshing access token with scopes: ["email","https://www.googleapis.com/auth/cloud-platform","https://www.googleapis.com/auth/cloudplatformprojects.readonly","https://www.googleapis.com/auth/firebase","openid"]
[debug] [2021-04-05T16:17:36.437Z] >>> HTTP REQUEST POST https://www.googleapis.com/oauth2/v3/token  
 <request body omitted>
[debug] [2021-04-05T16:17:36.770Z] <<< HTTP RESPONSE 200 {"expires":"Mon, 01 Jan 1990 00:00:00 GMT","pragma":"no-cache","cache-control":"no-cache, no-store, max-age=0, must-revalidate","date":"Mon, 05 Apr 2021 16:17:36 GMT","content-type":"application/json; charset=utf-8","vary":"X-Origin, Referer, Origin,Accept-Encoding","server":"scaffolding on HTTPServer2","x-xss-protection":"0","x-frame-options":"SAMEORIGIN","x-content-type-options":"nosniff","alt-svc":"h3-29=\":443\"; ma=2592000,h3-T051=\":443\"; ma=2592000,h3-Q050=\":443\"; ma=2592000,h3-Q046=\":443\"; ma=2592000,h3-Q043=\":443\"; ma=2592000,quic=\":443\"; ma=2592000; v=\"46,43\"","accept-ranges":"none","transfer-encoding":"chunked"}
[debug] [2021-04-05T16:17:36.785Z] >>> HTTP REQUEST POST https://cloudresourcemanager.googleapis.com/v1/projects/daily-shop-37a6f:testIamPermissions  
 {"permissions":["firebase.projects.get","firebasehosting.sites.update"]}
[debug] [2021-04-05T16:17:38.091Z] <<< HTTP RESPONSE 200 {"content-type":"application/json; charset=UTF-8","vary":"X-Origin, Referer, Origin,Accept-Encoding","date":"Mon, 05 Apr 2021 16:17:38 GMT","server":"ESF","cache-control":"private","x-xss-protection":"0","x-frame-options":"SAMEORIGIN","x-content-type-options":"nosniff","server-timing":"gfet4t7; dur=1045","alt-svc":"h3-29=\":443\"; ma=2592000,h3-T051=\":443\"; ma=2592000,h3-Q050=\":443\"; ma=2592000,h3-Q046=\":443\"; ma=2592000,h3-Q043=\":443\"; ma=2592000,quic=\":443\"; ma=2592000; v=\"46,43\"","accept-ranges":"none","transfer-encoding":"chunked"}
[debug] [2021-04-05T16:17:38.094Z] > refreshing access token with scopes: []
[debug] [2021-04-05T16:17:38.095Z] >>> HTTP REQUEST POST https://www.googleapis.com/oauth2/v3/token  
 <request body omitted>
[debug] [2021-04-05T16:17:38.485Z] <<< HTTP RESPONSE 200 {"cache-control":"no-cache, no-store, max-age=0, must-revalidate","date":"Mon, 05 Apr 2021 16:17:38 GMT","expires":"Mon, 01 Jan 1990 00:00:00 GMT","pragma":"no-cache","content-type":"application/json; charset=utf-8","vary":"X-Origin, Referer, Origin,Accept-Encoding","server":"scaffolding on HTTPServer2","x-xss-protection":"0","x-frame-options":"SAMEORIGIN","x-content-type-options":"nosniff","alt-svc":"h3-29=\":443\"; ma=2592000,h3-T051=\":443\"; ma=2592000,h3-Q050=\":443\"; ma=2592000,h3-Q046=\":443\"; ma=2592000,h3-Q043=\":443\"; ma=2592000,quic=\":443\"; ma=2592000; v=\"46,43\"","accept-ranges":"none","transfer-encoding":"chunked"}
[debug] [2021-04-05T16:17:38.499Z] >>> [apiv2][query] GET https://firebase.googleapis.com/v1beta1/projects/daily-shop-37a6f [none]
[debug] [2021-04-05T16:17:39.021Z] <<< [apiv2][status] GET https://firebase.googleapis.com/v1beta1/projects/daily-shop-37a6f 200
[debug] [2021-04-05T16:17:39.022Z] <<< [apiv2][body] GET https://firebase.googleapis.com/v1beta1/projects/daily-shop-37a6f {"projectId":"daily-shop-37a6f","projectNumber":"669888282290","displayName":"daily-shop","name":"projects/daily-shop-37a6f","resources":{"hostingSite":"daily-shop-37a6f"},"state":"ACTIVE"}
[info] 
[info] === Deploying to 'daily-shop-37a6f'...
[info] 
[info] i  deploying hosting 
[debug] [2021-04-05T16:17:39.040Z] > refreshing access token with scopes: ["email","https://www.googleapis.com/auth/cloud-platform","https://www.googleapis.com/auth/cloudplatformprojects.readonly","https://www.googleapis.com/auth/firebase","openid"]
[debug] [2021-04-05T16:17:39.040Z] >>> HTTP REQUEST POST https://www.googleapis.com/oauth2/v3/token  
 <request body omitted>
[debug] [2021-04-05T16:17:39.428Z] <<< HTTP RESPONSE 200 {"date":"Mon, 05 Apr 2021 16:17:39 GMT","expires":"Mon, 01 Jan 1990 00:00:00 GMT","cache-control":"no-cache, no-store, max-age=0, must-revalidate","pragma":"no-cache","content-type":"application/json; charset=utf-8","vary":"X-Origin, Referer, Origin,Accept-Encoding","server":"scaffolding on HTTPServer2","x-xss-protection":"0","x-frame-options":"SAMEORIGIN","x-content-type-options":"nosniff","alt-svc":"h3-29=\":443\"; ma=2592000,h3-T051=\":443\"; ma=2592000,h3-Q050=\":443\"; ma=2592000,h3-Q046=\":443\"; ma=2592000,h3-Q043=\":443\"; ma=2592000,quic=\":443\"; ma=2592000; v=\"46,43\"","accept-ranges":"none","transfer-encoding":"chunked"}
[debug] [2021-04-05T16:17:39.439Z] >>> HTTP REQUEST POST https://firebasehosting.googleapis.com/v1beta1/sites/daily-shop-37a6f/versions  
 {"config":{},"labels":{"deployment-tool":"cli-firebase"}}
[debug] [2021-04-05T16:17:41.126Z] <<< HTTP RESPONSE 200 {"content-type":"application/json; charset=UTF-8","vary":"X-Origin, Referer, Origin,Accept-Encoding","date":"Mon, 05 Apr 2021 16:17:41 GMT","server":"ESF","cache-control":"private","x-xss-protection":"0","x-frame-options":"SAMEORIGIN","x-content-type-options":"nosniff","alt-svc":"h3-29=\":443\"; ma=2592000,h3-T051=\":443\"; ma=2592000,h3-Q050=\":443\"; ma=2592000,h3-Q046=\":443\"; ma=2592000,h3-Q043=\":443\"; ma=2592000,quic=\":443\"; ma=2592000; v=\"46,43\"","accept-ranges":"none","transfer-encoding":"chunked"}
[info] i  hosting[daily-shop-37a6f]: beginning deploy... 
[info] i  hosting[daily-shop-37a6f]: found 20 files in build 
[debug] [2021-04-05T16:17:41.950Z] > refreshing access token with scopes: []
[debug] [2021-04-05T16:17:41.950Z] >>> HTTP REQUEST POST https://www.googleapis.com/oauth2/v3/token  
 <request body omitted>
[debug] [2021-04-05T16:17:41.950Z] [hosting] hash cache [YnVpbGQ] stored for 20 files
[debug] [2021-04-05T16:17:41.950Z] [hosting][hash queue][FINAL] {"max":744,"min":26,"avg":128.8,"active":0,"complete":20,"success":20,"errored":0,"retried":0,"total":20,"elapsed":760}
[debug] [2021-04-05T16:17:42.331Z] <<< HTTP RESPONSE 200 {"expires":"Mon, 01 Jan 1990 00:00:00 GMT","date":"Mon, 05 Apr 2021 16:17:42 GMT","pragma":"no-cache","cache-control":"no-cache, no-store, max-age=0, must-revalidate","content-type":"application/json; charset=utf-8","vary":"X-Origin, Referer, Origin,Accept-Encoding","server":"scaffolding on HTTPServer2","x-xss-protection":"0","x-frame-options":"SAMEORIGIN","x-content-type-options":"nosniff","alt-svc":"h3-29=\":443\"; ma=2592000,h3-T051=\":443\"; ma=2592000,h3-Q050=\":443\"; ma=2592000,h3-Q046=\":443\"; ma=2592000,h3-Q043=\":443\"; ma=2592000,quic=\":443\"; ma=2592000; v=\"46,43\"","accept-ranges":"none","transfer-encoding":"chunked"}
[debug] [2021-04-05T16:17:42.331Z] >>> [apiv2][query] POST https://firebasehosting.googleapis.com/v1beta1/sites/daily-shop-37a6f/versions/1775732436ebfb94:populateFiles [none]
[debug] [2021-04-05T16:17:42.331Z] >>> [apiv2][body] POST https://firebasehosting.googleapis.com/v1beta1/sites/daily-shop-37a6f/versions/1775732436ebfb94:populateFiles {"files":{"/favicon.ico":"eae62e993eb980ec8a25058c39d5a51feab118bd2100c4deebb2a9c158ec11f9","/logo192.png":"3ee59515172ee198f3be375979df15ac5345183e656720a381b8872b2a39dc8b","/logo512.png":"ee7e2f3fdb8209c4b6fd7bef6ba50d1b9dba30a25bb5c3126df057e1cb6f5331","/manifest.json":"aff3449bdc238776f5d6d967f19ec491b36aed5fb7f23ccff6500736fd58494a","/robots.txt":"bfe106a3fb878dc83461c86818bf74fc1bdc7f28538ba613cd3e775516ce8b49","/asset-manifest.json":"22f052296486527a8d52f2c73b7715eae601c3bf27bf7e71804125343fa48c18","/index.html":"dd07e09443af9a82c77c81edbfae506da8644729d3d3ee13392f9066dce747bb","/static/css/main.a15de494.chunk.css":"e5e60dbec7126dbbe9b6955217aa3253c21a2715975ba2e8c2753c6cef92561f","/static/css/main.a15de494.chunk.css.map":"25fe755f9b820a7bd1c1f716429e2cec69caee8fb46a600423c04064ed126c1d","/static/js/2.e9654724.chunk.js.LICENSE.txt":"d7a15bd0d32274ea3438c446b695529d04ca5db8f92d7d72e1d612c0f99bedef","/static/js/3.6f570714.chunk.js":"da1ba450911e9dd44d11c64550a03b7c7937b2652cdbf1ecdf7d20d3531ae13b","/static/js/3.6f570714.chunk.js.map":"95caccc0f16217079e3edb4824fbc64285e126830d13bc20d311fa82e19e51aa","/static/js/main.6878748f.chunk.js":"302f0e837ba397d85a56a367df4ab79daabb47244571da12f026edb89d0b24b0","/static/js/runtime-main.c55e85f6.js":"3d02c7473f217d2b2f9fd2ad395a50e06c1617564fdd72062c261a9f926718a2","/static/js/runtime-main.c55e85f6.js.map":"3a523dc57026498c842de69d722258f3f2006c22fee8787877fc2a282f8d07bd","/static/js/main.6878748f.chunk.js.map":"8e959a05dc1b579ce8846df0ce85ecd0a23512208ec75b1f95d6fbb032a6afbc","/static/css/2.4c97ca4f.chunk.css":"7e6538a6f0fc738a788c03a9cee1861c42fe2f29017e5026cb867636b24dcf77","/static/js/2.e9654724.chunk.js":"13ac1ea404c9a45331fed8b733664fece727c7f0fa26c3c17ae2c9e814cd9911","/static/css/2.4c97ca4f.chunk.css.map":"a70eaab29a7c2121a70e08850c01f71611bdc0c137e6a4b349704641c33af035","/static/js/2.e9654724.chunk.js.map":"00589d1af1d84b3f0db8c18c20f6ba2047636ba7b6745be7575059414b5e7fc8"}}
[debug] [2021-04-05T16:18:03.840Z] [populateQueue] Retrying task index 0
[debug] [2021-04-05T16:18:03.842Z] >>> [apiv2][query] POST https://firebasehosting.googleapis.com/v1beta1/sites/daily-shop-37a6f/versions/1775732436ebfb94:populateFiles [none]
[debug] [2021-04-05T16:18:03.842Z] >>> [apiv2][body] POST https://firebasehosting.googleapis.com/v1beta1/sites/daily-shop-37a6f/versions/1775732436ebfb94:populateFiles {"files":{"/favicon.ico":"eae62e993eb980ec8a25058c39d5a51feab118bd2100c4deebb2a9c158ec11f9","/logo192.png":"3ee59515172ee198f3be375979df15ac5345183e656720a381b8872b2a39dc8b","/logo512.png":"ee7e2f3fdb8209c4b6fd7bef6ba50d1b9dba30a25bb5c3126df057e1cb6f5331","/manifest.json":"aff3449bdc238776f5d6d967f19ec491b36aed5fb7f23ccff6500736fd58494a","/robots.txt":"bfe106a3fb878dc83461c86818bf74fc1bdc7f28538ba613cd3e775516ce8b49","/asset-manifest.json":"22f052296486527a8d52f2c73b7715eae601c3bf27bf7e71804125343fa48c18","/index.html":"dd07e09443af9a82c77c81edbfae506da8644729d3d3ee13392f9066dce747bb","/static/css/main.a15de494.chunk.css":"e5e60dbec7126dbbe9b6955217aa3253c21a2715975ba2e8c2753c6cef92561f","/static/css/main.a15de494.chunk.css.map":"25fe755f9b820a7bd1c1f716429e2cec69caee8fb46a600423c04064ed126c1d","/static/js/2.e9654724.chunk.js.LICENSE.txt":"d7a15bd0d32274ea3438c446b695529d04ca5db8f92d7d72e1d612c0f99bedef","/static/js/3.6f570714.chunk.js":"da1ba450911e9dd44d11c64550a03b7c7937b2652cdbf1ecdf7d20d3531ae13b","/static/js/3.6f570714.chunk.js.map":"95caccc0f16217079e3edb4824fbc64285e126830d13bc20d311fa82e19e51aa","/static/js/main.6878748f.chunk.js":"302f0e837ba397d85a56a367df4ab79daabb47244571da12f026edb89d0b24b0","/static/js/runtime-main.c55e85f6.js":"3d02c7473f217d2b2f9fd2ad395a50e06c1617564fdd72062c261a9f926718a2","/static/js/runtime-main.c55e85f6.js.map":"3a523dc57026498c842de69d722258f3f2006c22fee8787877fc2a282f8d07bd","/static/js/main.6878748f.chunk.js.map":"8e959a05dc1b579ce8846df0ce85ecd0a23512208ec75b1f95d6fbb032a6afbc","/static/css/2.4c97ca4f.chunk.css":"7e6538a6f0fc738a788c03a9cee1861c42fe2f29017e5026cb867636b24dcf77","/static/js/2.e9654724.chunk.js":"13ac1ea404c9a45331fed8b733664fece727c7f0fa26c3c17ae2c9e814cd9911","/static/css/2.4c97ca4f.chunk.css.map":"a70eaab29a7c2121a70e08850c01f71611bdc0c137e6a4b349704641c33af035","/static/js/2.e9654724.chunk.js.map":"00589d1af1d84b3f0db8c18c20f6ba2047636ba7b6745be7575059414b5e7fc8"}}
[debug] [2021-04-05T16:18:05.313Z] <<< [apiv2][status] POST https://firebasehosting.googleapis.com/v1beta1/sites/daily-shop-37a6f/versions/1775732436ebfb94:populateFiles 200
[debug] [2021-04-05T16:18:05.313Z] <<< [apiv2][body] POST https://firebasehosting.googleapis.com/v1beta1/sites/daily-shop-37a6f/versions/1775732436ebfb94:populateFiles {"uploadRequiredHashes":["dd07e09443af9a82c77c81edbfae506da8644729d3d3ee13392f9066dce747bb","8e959a05dc1b579ce8846df0ce85ecd0a23512208ec75b1f95d6fbb032a6afbc","302f0e837ba397d85a56a367df4ab79daabb47244571da12f026edb89d0b24b0","22f052296486527a8d52f2c73b7715eae601c3bf27bf7e71804125343fa48c18"],"uploadUrl":"https://upload-firebasehosting.googleapis.com/upload/sites/daily-shop-37a6f/versions/1775732436ebfb94/files"}
[debug] [2021-04-05T16:18:05.319Z] >>> [apiv2][query] POST https://upload-firebasehosting.googleapis.com/upload/sites/daily-shop-37a6f/versions/1775732436ebfb94/files/dd07e09443af9a82c77c81edbfae506da8644729d3d3ee13392f9066dce747bb [none]
[debug] [2021-04-05T16:18:05.320Z] >>> [apiv2][body] POST https://upload-firebasehosting.googleapis.com/upload/sites/daily-shop-37a6f/versions/1775732436ebfb94/files/dd07e09443af9a82c77c81edbfae506da8644729d3d3ee13392f9066dce747bb [stream]
[debug] [2021-04-05T16:18:05.323Z] >>> [apiv2][query] POST https://upload-firebasehosting.googleapis.com/upload/sites/daily-shop-37a6f/versions/1775732436ebfb94/files/8e959a05dc1b579ce8846df0ce85ecd0a23512208ec75b1f95d6fbb032a6afbc [none]
[debug] [2021-04-05T16:18:05.324Z] >>> [apiv2][body] POST https://upload-firebasehosting.googleapis.com/upload/sites/daily-shop-37a6f/versions/1775732436ebfb94/files/8e959a05dc1b579ce8846df0ce85ecd0a23512208ec75b1f95d6fbb032a6afbc [stream]
[debug] [2021-04-05T16:18:05.327Z] >>> [apiv2][query] POST https://upload-firebasehosting.googleapis.com/upload/sites/daily-shop-37a6f/versions/1775732436ebfb94/files/302f0e837ba397d85a56a367df4ab79daabb47244571da12f026edb89d0b24b0 [none]
[debug] [2021-04-05T16:18:05.328Z] >>> [apiv2][body] POST https://upload-firebasehosting.googleapis.com/upload/sites/daily-shop-37a6f/versions/1775732436ebfb94/files/302f0e837ba397d85a56a367df4ab79daabb47244571da12f026edb89d0b24b0 [stream]
[debug] [2021-04-05T16:18:05.330Z] >>> [apiv2][query] POST https://upload-firebasehosting.googleapis.com/upload/sites/daily-shop-37a6f/versions/1775732436ebfb94/files/22f052296486527a8d52f2c73b7715eae601c3bf27bf7e71804125343fa48c18 [none]
[debug] [2021-04-05T16:18:05.331Z] >>> [apiv2][body] POST https://upload-firebasehosting.googleapis.com/upload/sites/daily-shop-37a6f/versions/1775732436ebfb94/files/22f052296486527a8d52f2c73b7715eae601c3bf27bf7e71804125343fa48c18 [stream]
[debug] [2021-04-05T16:18:05.333Z] [hosting][populate queue][FINAL] {"max":1478,"min":1478,"avg":1478,"active":0,"complete":1,"success":1,"errored":0,"retried":1,"total":1,"elapsed":23383}
[debug] [2021-04-05T16:18:05.334Z] [hosting] uploads queued: 4
[debug] [2021-04-05T16:18:08.712Z] <<< [apiv2][status] POST https://upload-firebasehosting.googleapis.com/upload/sites/daily-shop-37a6f/versions/1775732436ebfb94/files/302f0e837ba397d85a56a367df4ab79daabb47244571da12f026edb89d0b24b0 200
[debug] [2021-04-05T16:18:08.712Z] <<< [apiv2][body] POST https://upload-firebasehosting.googleapis.com/upload/sites/daily-shop-37a6f/versions/1775732436ebfb94/files/302f0e837ba397d85a56a367df4ab79daabb47244571da12f026edb89d0b24b0 [stream]
[debug] [2021-04-05T16:18:08.712Z] <<< [apiv2][status] POST https://upload-firebasehosting.googleapis.com/upload/sites/daily-shop-37a6f/versions/1775732436ebfb94/files/22f052296486527a8d52f2c73b7715eae601c3bf27bf7e71804125343fa48c18 200
[debug] [2021-04-05T16:18:08.712Z] <<< [apiv2][body] POST https://upload-firebasehosting.googleapis.com/upload/sites/daily-shop-37a6f/versions/1775732436ebfb94/files/22f052296486527a8d52f2c73b7715eae601c3bf27bf7e71804125343fa48c18 [stream]
[debug] [2021-04-05T16:18:08.722Z] <<< [apiv2][status] POST https://upload-firebasehosting.googleapis.com/upload/sites/daily-shop-37a6f/versions/1775732436ebfb94/files/dd07e09443af9a82c77c81edbfae506da8644729d3d3ee13392f9066dce747bb 200
[debug] [2021-04-05T16:18:08.723Z] <<< [apiv2][body] POST https://upload-firebasehosting.googleapis.com/upload/sites/daily-shop-37a6f/versions/1775732436ebfb94/files/dd07e09443af9a82c77c81edbfae506da8644729d3d3ee13392f9066dce747bb [stream]
[debug] [2021-04-05T16:18:09.643Z] <<< [apiv2][status] POST https://upload-firebasehosting.googleapis.com/upload/sites/daily-shop-37a6f/versions/1775732436ebfb94/files/8e959a05dc1b579ce8846df0ce85ecd0a23512208ec75b1f95d6fbb032a6afbc 200
[debug] [2021-04-05T16:18:09.644Z] <<< [apiv2][body] POST https://upload-firebasehosting.googleapis.com/upload/sites/daily-shop-37a6f/versions/1775732436ebfb94/files/8e959a05dc1b579ce8846df0ce85ecd0a23512208ec75b1f95d6fbb032a6afbc [stream]
[debug] [2021-04-05T16:18:09.644Z] [hosting][upload queue][FINAL] {"max":4327,"min":3394,"avg":3631.5,"active":0,"complete":4,"success":4,"errored":0,"retried":0,"total":4,"elapsed":4330}
[info] +  hosting[daily-shop-37a6f]: file upload complete 
[debug] [2021-04-05T16:18:09.649Z] [hosting] deploy completed after 28523ms
[debug] [2021-04-05T16:18:09.891Z] [
  {
    "config": {
      "public": "build",
      "ignore": [
        "firebase.json",
        "**/.*",
        "**/node_modules/**"
      ],
      "site": "daily-shop-37a6f"
    },
    "site": "daily-shop-37a6f",
    "version": "sites/daily-shop-37a6f/versions/1775732436ebfb94"
  }
]
[info] i  hosting[daily-shop-37a6f]: finalizing version... 
[debug] [2021-04-05T16:18:09.894Z] > refreshing access token with scopes: ["email","https://www.googleapis.com/auth/cloud-platform","https://www.googleapis.com/auth/cloudplatformprojects.readonly","https://www.googleapis.com/auth/firebase","openid"]
[debug] [2021-04-05T16:18:09.895Z] >>> HTTP REQUEST POST https://www.googleapis.com/oauth2/v3/token  
 <request body omitted>
[debug] [2021-04-05T16:18:10.311Z] <<< HTTP RESPONSE 200 {"date":"Mon, 05 Apr 2021 16:18:10 GMT","cache-control":"no-cache, no-store, max-age=0, must-revalidate","pragma":"no-cache","expires":"Mon, 01 Jan 1990 00:00:00 GMT","content-type":"application/json; charset=utf-8","vary":"X-Origin, Referer, Origin,Accept-Encoding","server":"scaffolding on HTTPServer2","x-xss-protection":"0","x-frame-options":"SAMEORIGIN","x-content-type-options":"nosniff","alt-svc":"h3-29=\":443\"; ma=2592000,h3-T051=\":443\"; ma=2592000,h3-Q050=\":443\"; ma=2592000,h3-Q046=\":443\"; ma=2592000,h3-Q043=\":443\"; ma=2592000,quic=\":443\"; ma=2592000; v=\"46,43\"","accept-ranges":"none","transfer-encoding":"chunked"}
[debug] [2021-04-05T16:18:10.327Z] >>> HTTP REQUEST PATCH https://firebasehosting.googleapis.com/v1beta1/sites/daily-shop-37a6f/versions/1775732436ebfb94?updateMask=status  
 {"status":"FINALIZED"}
[debug] [2021-04-05T16:18:31.752Z] Error: connect ETIMEDOUT 172.217.194.95:443
    at TCPConnectWrap.afterConnect [as oncomplete] (net.js:1146:16)
[error] 
[error] Error: Server Error. connect ETIMEDOUT 172.217.194.95:443
